[2021-12-17T19:59:17.225] [DEBUG] cheese - login => username:zs,password:123456
[2021-12-17T19:59:17.228] [DEBUG] cheese - zs
[2021-12-17T19:59:17.933] [DEBUG] cheese - null
[2021-12-17T19:59:17.934] [DEBUG] cheese - null
[2021-12-17T20:00:16.378] [DEBUG] cheese - login => username:admin,password:123456
[2021-12-17T20:00:16.378] [DEBUG] cheese - admin
[2021-12-17T20:00:16.382] [DEBUG] cheese - null
[2021-12-17T20:00:16.382] [DEBUG] cheese - null
[2021-12-18T12:09:29.455] [DEBUG] cheese - login => username:234324234,password:32423432423
[2021-12-18T12:09:29.457] [DEBUG] cheese - 234324234
[2021-12-18T12:09:29.541] [DEBUG] cheese - null
[2021-12-18T12:09:29.542] [DEBUG] cheese - null
[2021-12-18T12:09:30.223] [DEBUG] cheese - login => username:234324234,password:32423432423
[2021-12-18T12:09:30.223] [DEBUG] cheese - 234324234
[2021-12-18T12:09:30.227] [DEBUG] cheese - null
[2021-12-18T12:09:30.227] [DEBUG] cheese - null
[2021-12-18T12:10:50.986] [DEBUG] cheese - login => username:1414141,password:41414141
[2021-12-18T12:10:50.986] [DEBUG] cheese - 1414141
[2021-12-18T12:10:50.988] [DEBUG] cheese - null
[2021-12-18T12:10:50.988] [DEBUG] cheese - null
[2021-12-18T12:11:01.975] [DEBUG] cheese - login => username:admin,password:123456
[2021-12-18T12:11:01.975] [DEBUG] cheese - admin
[2021-12-18T12:11:01.980] [DEBUG] cheese - null
[2021-12-18T12:11:01.980] [DEBUG] cheese - null
[2021-12-18T12:13:19.884] [DEBUG] cheese - login => username:123,password:123213
[2021-12-18T12:13:19.884] [DEBUG] cheese - 123
[2021-12-18T12:13:19.899] [DEBUG] cheese - null
[2021-12-18T12:13:19.899] [DEBUG] cheese - null
[2021-12-18T12:13:27.050] [DEBUG] cheese - login => username:admin,password:123456
[2021-12-18T12:13:27.050] [DEBUG] cheese - admin
[2021-12-18T12:13:27.054] [DEBUG] cheese - null
[2021-12-18T12:13:27.054] [DEBUG] cheese - null
[2021-12-18T12:18:00.021] [DEBUG] cheese - login => username:141414,password:414141
[2021-12-18T12:18:00.021] [DEBUG] cheese - 141414
[2021-12-18T12:18:00.029] [DEBUG] cheese - null
[2021-12-18T12:18:00.029] [DEBUG] cheese - null
[2021-12-18T12:18:06.146] [DEBUG] cheese - login => username:admin,password:123456
[2021-12-18T12:18:06.146] [DEBUG] cheese - admin
[2021-12-18T12:18:06.150] [DEBUG] cheese - null
[2021-12-18T12:18:06.150] [DEBUG] cheese - null
[2021-12-18T12:23:10.957] [DEBUG] cheese - login => username:admin,password:123456
[2021-12-18T12:23:10.957] [DEBUG] cheese - admin
[2021-12-18T12:23:10.968] [DEBUG] cheese - null
[2021-12-18T12:23:10.968] [DEBUG] cheese - null
[2021-12-18T12:23:17.242] [DEBUG] cheese - login => username:admin,password:123456
[2021-12-18T12:23:17.242] [DEBUG] cheese - admin
[2021-12-18T12:23:17.245] [DEBUG] cheese - null
[2021-12-18T12:23:17.245] [DEBUG] cheese - null
[2021-12-18T12:27:07.220] [DEBUG] cheese - login => username:admin,password:123456
[2021-12-18T12:27:07.221] [DEBUG] cheese - admin
[2021-12-18T12:27:07.266] [DEBUG] cheese - null
[2021-12-18T12:27:07.266] [DEBUG] cheese - null
[2021-12-18T12:35:07.244] [DEBUG] cheese - login => username:admin,password:123456
[2021-12-18T12:35:07.244] [DEBUG] cheese - admin
[2021-12-18T12:35:07.506] [DEBUG] cheese - null
[2021-12-18T12:35:07.506] [DEBUG] cheese - null
[2021-12-18T13:05:43.468] [DEBUG] cheese - login => username:admin,password:123456
[2021-12-18T13:05:43.468] [DEBUG] cheese - admin
[2021-12-18T13:05:44.271] [DEBUG] cheese - null
[2021-12-18T13:05:44.271] [DEBUG] cheese - null
[2021-12-18T13:08:06.426] [DEBUG] cheese - login => username:admin,password:123456
[2021-12-18T13:08:06.427] [DEBUG] cheese - admin
[2021-12-18T13:08:06.477] [DEBUG] cheese - null
[2021-12-18T13:08:06.478] [DEBUG] cheese - null
[2021-12-18T13:08:38.496] [DEBUG] cheese - login => username:admin,password:123456
[2021-12-18T13:08:38.496] [DEBUG] cheese - admin
[2021-12-18T13:08:38.700] [DEBUG] cheese - null
[2021-12-18T13:08:38.767] [DEBUG] cheese - null
[2021-12-18T13:43:52.050] [DEBUG] cheese - login => username:admin,password:123456
[2021-12-18T13:43:52.144] [DEBUG] cheese - admin
[2021-12-18T13:43:55.405] [DEBUG] cheese - null
[2021-12-18T13:43:55.405] [DEBUG] cheese - null
[2021-12-18T13:45:17.734] [DEBUG] cheese - login => username:admin,password:123456
[2021-12-18T13:45:17.734] [DEBUG] cheese - admin
[2021-12-18T13:45:18.932] [DEBUG] cheese - null
[2021-12-18T13:45:18.933] [DEBUG] cheese - null
[2021-12-18T14:03:16.038] [DEBUG] cheese - login => username:admin,password:123456
[2021-12-18T14:03:16.122] [DEBUG] cheese - admin
[2021-12-18T14:03:16.855] [DEBUG] cheese - login => username:admin,password:123456
[2021-12-18T14:03:16.856] [DEBUG] cheese - admin
[2021-12-18T14:03:16.950] [DEBUG] cheese - login => username:admin,password:123456
[2021-12-18T14:03:16.950] [DEBUG] cheese - admin
[2021-12-18T14:03:20.115] [DEBUG] cheese - null
[2021-12-18T14:03:20.115] [DEBUG] cheese - null
[2021-12-18T14:03:20.498] [DEBUG] cheese - null
[2021-12-18T14:03:20.498] [DEBUG] cheese - null
[2021-12-18T14:03:20.598] [DEBUG] cheese - null
[2021-12-18T14:03:20.598] [DEBUG] cheese - null
[2021-12-18T14:25:42.707] [DEBUG] cheese - login => username:admin,password:123456
[2021-12-18T14:25:42.709] [DEBUG] cheese - admin
[2021-12-18T14:25:42.757] [DEBUG] cheese - null
[2021-12-18T14:25:42.757] [DEBUG] cheese - null
[2021-12-18T14:47:39.994] [DEBUG] cheese - login => username:admin,password:123456
[2021-12-18T14:47:40.077] [DEBUG] cheese - admin
[2021-12-18T14:47:42.112] [DEBUG] cheese - login => username:admin,password:123456
[2021-12-18T14:47:42.112] [DEBUG] cheese - admin
[2021-12-18T14:47:42.365] [DEBUG] cheese - null
[2021-12-18T14:47:42.368] [DEBUG] cheese - null
[2021-12-18T14:47:42.467] [DEBUG] cheese - null
[2021-12-18T14:47:42.468] [DEBUG] cheese - null
[2021-12-19T19:22:16.601] [DEBUG] cheese - login => username:admin,password:123456
[2021-12-19T19:22:16.985] [DEBUG] cheese - admin
[2021-12-19T19:22:20.770] [DEBUG] cheese - null
[2021-12-19T19:22:20.771] [DEBUG] cheese - null
[2021-12-19T19:22:21.596] [DEBUG] cheese - login => username:admin,password:123456
[2021-12-19T19:22:21.596] [DEBUG] cheese - admin
[2021-12-19T19:22:21.599] [DEBUG] cheese - null
[2021-12-19T19:22:21.599] [DEBUG] cheese - null
[2021-12-19T19:23:45.012] [DEBUG] cheese - login => username:admin,password:123456
[2021-12-19T19:23:45.012] [DEBUG] cheese - admin
[2021-12-19T19:23:45.014] [DEBUG] cheese - null
[2021-12-19T19:23:45.015] [DEBUG] cheese - null
[2021-12-19T19:24:00.688] [DEBUG] cheese - login => username:admin,password:123456
[2021-12-19T19:24:00.688] [DEBUG] cheese - admin
[2021-12-19T19:24:00.690] [DEBUG] cheese - null
[2021-12-19T19:24:00.690] [DEBUG] cheese - null
[2021-12-19T19:25:09.127] [DEBUG] cheese - login => username:admin,password:123456
[2021-12-19T19:25:09.127] [DEBUG] cheese - admin
[2021-12-19T19:25:09.130] [DEBUG] cheese - null
[2021-12-19T19:25:09.130] [DEBUG] cheese - null
[2021-12-19T19:26:12.271] [DEBUG] cheese - login => username:admin,password:123456
[2021-12-19T19:26:12.271] [DEBUG] cheese - admin
[2021-12-19T19:26:12.274] [DEBUG] cheese - null
[2021-12-19T19:26:12.274] [DEBUG] cheese - null
[2021-12-19T20:46:51.773] [DEBUG] cheese - login => username:zs,password:123456
[2021-12-19T20:46:51.778] [DEBUG] cheese - zs
[2021-12-19T20:46:51.795] [DEBUG] cheese - null
[2021-12-19T20:46:51.795] [DEBUG] cheese - null
[2021-12-19T20:47:19.454] [DEBUG] cheese - login => username:admin,password:123456
[2021-12-19T20:47:19.454] [DEBUG] cheese - admin
[2021-12-19T20:47:19.460] [DEBUG] cheese - null
[2021-12-19T20:47:19.461] [DEBUG] cheese - null
[2021-12-19T20:49:00.329] [DEBUG] cheese - login => username:admin,password:123456
[2021-12-19T20:49:00.330] [DEBUG] cheese - admin
[2021-12-19T20:49:00.332] [DEBUG] cheese - null
[2021-12-19T20:49:00.332] [DEBUG] cheese - null
[2021-12-19T20:51:21.115] [DEBUG] cheese - login => username:admin,password:123456
[2021-12-19T20:51:21.115] [DEBUG] cheese - admin
[2021-12-19T20:51:21.130] [DEBUG] cheese - null
[2021-12-19T20:51:21.130] [DEBUG] cheese - null
[2021-12-19T21:22:32.213] [DEBUG] cheese - login => username:admin,password:123456
[2021-12-19T21:22:32.214] [DEBUG] cheese - admin
[2021-12-19T21:22:32.519] [DEBUG] cheese - null
[2021-12-19T21:22:32.519] [DEBUG] cheese - null
[2021-12-20T09:17:11.710] [DEBUG] cheese - login => username:admin,password:123456
[2021-12-20T09:17:11.711] [DEBUG] cheese - admin
[2021-12-20T09:17:11.789] [DEBUG] cheese - null
[2021-12-20T09:17:11.789] [DEBUG] cheese - null
[2021-12-20T12:22:33.049] [DEBUG] cheese - login => username:admin,password:123456
[2021-12-20T12:22:33.050] [DEBUG] cheese - admin
[2021-12-20T12:22:33.372] [DEBUG] cheese - null
[2021-12-20T12:22:33.372] [DEBUG] cheese - null
[2021-12-20T14:56:29.239] [DEBUG] cheese - null
[2021-12-20T14:58:11.315] [DEBUG] cheese - null
[2021-12-21T09:18:32.676] [DEBUG] cheese - login => username:admin,password:123456
[2021-12-21T09:18:32.677] [DEBUG] cheese - admin
[2021-12-21T09:18:32.731] [DEBUG] cheese - null
[2021-12-21T09:18:32.732] [DEBUG] cheese - null
[2021-12-21T10:43:21.658] [DEBUG] cheese - login => username:admin,password:123456
[2021-12-21T10:43:21.866] [DEBUG] cheese - admin
[2021-12-21T10:43:21.930] [DEBUG] cheese - null
[2021-12-21T10:43:21.931] [DEBUG] cheese - null
[2021-12-21T19:57:12.630] [DEBUG] cheese - null
[2021-12-21T23:51:48.544] [DEBUG] cheese - login => username:admin,password:123456
[2021-12-21T23:51:48.552] [DEBUG] cheese - admin
[2021-12-21T23:51:49.282] [DEBUG] cheese - null
[2021-12-21T23:51:49.282] [DEBUG] cheese - null
[2021-12-22T00:00:51.085] [DEBUG] cheese - login => username:admin,password:123456
[2021-12-22T00:00:51.086] [DEBUG] cheese - admin
[2021-12-22T00:00:51.273] [DEBUG] cheese - null
[2021-12-22T00:00:51.274] [DEBUG] cheese - null
[2021-12-22T00:09:19.929] [DEBUG] cheese - login => username:admin,password:123456
[2021-12-22T00:09:19.929] [DEBUG] cheese - admin
[2021-12-22T00:09:19.952] [DEBUG] cheese - null
[2021-12-22T00:09:19.952] [DEBUG] cheese - null
